{
  "stats": {
    "suites": 1,
    "tests": 13,
    "passes": 13,
    "pending": 0,
    "failures": 0,
    "start": "2023-01-09T04:49:00.544Z",
    "end": "2023-01-09T04:50:16.866Z",
    "duration": 76322,
    "testsRegistered": 13,
    "passPercent": 100,
    "pendingPercent": 0,
    "other": 0,
    "hasOther": false,
    "skipped": 0,
    "hasSkipped": false
  },
  "results": [
    {
      "uuid": "a8f82d94-b1f1-47f1-9299-e2b08f147dbc",
      "title": "",
      "fullFile": "cypress/integration/tests/RegisterPageTest.js",
      "file": "cypress/integration/tests/RegisterPageTest.js",
      "beforeHooks": [],
      "afterHooks": [],
      "tests": [],
      "suites": [
        {
          "uuid": "fac8d13b-1965-4728-b70b-1ec982ebcfe7",
          "title": "Register Page Features",
          "fullFile": "",
          "file": "",
          "beforeHooks": [],
          "afterHooks": [],
          "tests": [
            {
              "title": "Validate Register Title Test",
              "fullTitle": "Register Page Features Validate Register Title Test",
              "timedOut": null,
              "duration": 3763,
              "state": "passed",
              "speed": "fast",
              "pass": true,
              "fail": false,
              "pending": false,
              "context": null,
              "code": "yourStorePage = new _YourStorePage.default();\nregisterPage = new _RegisterPage.default();\nconst registerTitlePage = openCartData.registerTitlePage;\nyourStorePage.proceedToRegisterPage();\nregisterPage.titlePageTest(registerTitlePage);",
              "err": {},
              "uuid": "bc37a9c2-eaed-4ef4-90a6-5eecc38a2234",
              "parentUUID": "fac8d13b-1965-4728-b70b-1ec982ebcfe7",
              "isHook": false,
              "skipped": false
            },
            {
              "title": "Do Register New Customer Test",
              "fullTitle": "Register Page Features Do Register New Customer Test",
              "timedOut": null,
              "duration": 6296,
              "state": "passed",
              "speed": "medium",
              "pass": true,
              "fail": false,
              "pending": false,
              "context": null,
              "code": "yourStorePage = new _YourStorePage.default();\nregisterPage = new _RegisterPage.default();\nconst firstName = _faker.faker.name.firstName();\nconst lastName = _faker.faker.name.lastName();\nconst email = _faker.faker.internet.email();\nconst phone = _faker.faker.phone.number();\nconst psw = _faker.faker.internet.password();\nconst successMessage = openCartData.success;\nyourStorePage.proceedToRegisterPage();\nregisterPage.doRegister(firstName, lastName, email, phone, psw);\nregisterPage.validateSuccessMessage(successMessage);",
              "err": {},
              "uuid": "39d479eb-5c1f-47a8-83c0-23fe564564e1",
              "parentUUID": "fac8d13b-1965-4728-b70b-1ec982ebcfe7",
              "isHook": false,
              "skipped": false
            },
            {
              "title": "Do Register Existing Customer Test",
              "fullTitle": "Register Page Features Do Register Existing Customer Test",
              "timedOut": null,
              "duration": 5257,
              "state": "passed",
              "speed": "medium",
              "pass": true,
              "fail": false,
              "pending": false,
              "context": null,
              "code": "yourStorePage = new _YourStorePage.default();\nregisterPage = new _RegisterPage.default();\nconst firstName = openCartData.firstName;\nconst lastName = openCartData.lastName;\nconst email = openCartData.email;\nconst phone = openCartData.phone;\nconst psw = openCartData.password;\nconst warningAlert = openCartData.warning;\nyourStorePage.proceedToRegisterPage();\nregisterPage.doRegister(firstName, lastName, email, phone, psw);\nregisterPage.validateWarningMessage(warningAlert);",
              "err": {},
              "uuid": "c5c425b9-c308-44db-9c88-c9eda49829f5",
              "parentUUID": "fac8d13b-1965-4728-b70b-1ec982ebcfe7",
              "isHook": false,
              "skipped": false
            },
            {
              "title": "Do Register New Customer With Minimum Phone Number Value Test",
              "fullTitle": "Register Page Features Do Register New Customer With Minimum Phone Number Value Test",
              "timedOut": null,
              "duration": 5449,
              "state": "passed",
              "speed": "medium",
              "pass": true,
              "fail": false,
              "pending": false,
              "context": null,
              "code": "yourStorePage = new _YourStorePage.default();\nregisterPage = new _RegisterPage.default();\nconst firstName = _faker.faker.name.firstName();\nconst lastName = _faker.faker.name.lastName();\nconst email = _faker.faker.internet.email();\nconst phone = _faker.faker.phone.number(\"##\");\nconst psw = _faker.faker.internet.password();\nconst telephoneAlertMessage = openCartData.telephoneAlert;\nyourStorePage.proceedToRegisterPage();\nregisterPage.doRegister(firstName, lastName, email, phone, psw);\nregisterPage.validateAlertMessage(telephoneAlertMessage);",
              "err": {},
              "uuid": "607768f0-f8f7-4d7d-9425-28d4a170f9e0",
              "parentUUID": "fac8d13b-1965-4728-b70b-1ec982ebcfe7",
              "isHook": false,
              "skipped": false
            },
            {
              "title": "Do Register New Customer With Maximum Phone Number Value Test",
              "fullTitle": "Register Page Features Do Register New Customer With Maximum Phone Number Value Test",
              "timedOut": null,
              "duration": 6840,
              "state": "passed",
              "speed": "medium",
              "pass": true,
              "fail": false,
              "pending": false,
              "context": null,
              "code": "yourStorePage = new _YourStorePage.default();\nregisterPage = new _RegisterPage.default();\nconst firstName = _faker.faker.name.firstName();\nconst lastName = _faker.faker.name.lastName();\nconst email = _faker.faker.internet.email();\nconst phone = _faker.faker.phone.number(\"##################################\");\nconst psw = _faker.faker.internet.password();\nconst telephoneAlertMessage = openCartData.telephoneAlert;\nyourStorePage.proceedToRegisterPage();\nregisterPage.doRegister(firstName, lastName, email, phone, psw);\nregisterPage.validateAlertMessage(telephoneAlertMessage);",
              "err": {},
              "uuid": "41d951d4-0d81-42a6-bc3d-0a9f573a784f",
              "parentUUID": "fac8d13b-1965-4728-b70b-1ec982ebcfe7",
              "isHook": false,
              "skipped": false
            },
            {
              "title": "Do Register New Customer With Minimum Password Value Test",
              "fullTitle": "Register Page Features Do Register New Customer With Minimum Password Value Test",
              "timedOut": null,
              "duration": 4921,
              "state": "passed",
              "speed": "fast",
              "pass": true,
              "fail": false,
              "pending": false,
              "context": null,
              "code": "yourStorePage = new _YourStorePage.default();\nregisterPage = new _RegisterPage.default();\nconst firstName = _faker.faker.name.firstName();\nconst lastName = _faker.faker.name.lastName();\nconst email = _faker.faker.internet.email();\nconst phone = _faker.faker.phone.number();\nconst psw = _faker.faker.internet.password(3);\nconst passwordAlertMessage = openCartData.passwordAlert;\nyourStorePage.proceedToRegisterPage();\nregisterPage.doRegister(firstName, lastName, email, phone, psw);\nregisterPage.validateAlertMessage(passwordAlertMessage);",
              "err": {},
              "uuid": "572392a8-f4cb-4684-840f-1987bceca50b",
              "parentUUID": "fac8d13b-1965-4728-b70b-1ec982ebcfe7",
              "isHook": false,
              "skipped": false
            },
            {
              "title": "Do Register New Customer With Maximum Password Value Test",
              "fullTitle": "Register Page Features Do Register New Customer With Maximum Password Value Test",
              "timedOut": null,
              "duration": 9197,
              "state": "passed",
              "speed": "medium",
              "pass": true,
              "fail": false,
              "pending": false,
              "context": null,
              "code": "yourStorePage = new _YourStorePage.default();\nregisterPage = new _RegisterPage.default();\nconst firstName = _faker.faker.name.firstName();\nconst lastName = _faker.faker.name.lastName();\nconst email = _faker.faker.internet.email();\nconst phone = _faker.faker.phone.number();\nconst psw = _faker.faker.internet.password(41);\nconst passwordAlertMessage = openCartData.passwordAlert;\nyourStorePage.proceedToRegisterPage();\nregisterPage.doRegister(firstName, lastName, email, phone, psw);\nregisterPage.validateAlertMessage(passwordAlertMessage);",
              "err": {},
              "uuid": "5ba6875e-ca33-4824-a728-18e4e44270ed",
              "parentUUID": "fac8d13b-1965-4728-b70b-1ec982ebcfe7",
              "isHook": false,
              "skipped": false
            },
            {
              "title": "Do Register New Customer With Dismatched Password Value Test",
              "fullTitle": "Register Page Features Do Register New Customer With Dismatched Password Value Test",
              "timedOut": null,
              "duration": 6141,
              "state": "passed",
              "speed": "medium",
              "pass": true,
              "fail": false,
              "pending": false,
              "context": null,
              "code": "yourStorePage = new _YourStorePage.default();\nregisterPage = new _RegisterPage.default();\nconst firstName = _faker.faker.name.firstName();\nconst lastName = _faker.faker.name.lastName();\nconst email = _faker.faker.internet.email();\nconst phone = _faker.faker.phone.number();\nconst psw = _faker.faker.internet.password();\nconst pswConfirm = _faker.faker.internet.password();\nconst passwordDismatchedAlertMessage = openCartData.passwordDismatchedAlert;\nyourStorePage.proceedToRegisterPage();\nregisterPage.doRegisterDismatchPsw(firstName, lastName, email, phone, psw, pswConfirm);\nregisterPage.validateAlertMessage(passwordDismatchedAlertMessage);",
              "err": {},
              "uuid": "319022fa-def4-4445-8232-1f29092e48d3",
              "parentUUID": "fac8d13b-1965-4728-b70b-1ec982ebcfe7",
              "isHook": false,
              "skipped": false
            },
            {
              "title": "Do Register New Customer With Minimum Password Value/Dismatched Test",
              "fullTitle": "Register Page Features Do Register New Customer With Minimum Password Value/Dismatched Test",
              "timedOut": null,
              "duration": 5330,
              "state": "passed",
              "speed": "medium",
              "pass": true,
              "fail": false,
              "pending": false,
              "context": null,
              "code": "yourStorePage = new _YourStorePage.default();\nregisterPage = new _RegisterPage.default();\nconst firstName = _faker.faker.name.firstName();\nconst lastName = _faker.faker.name.lastName();\nconst email = _faker.faker.internet.email();\nconst phone = _faker.faker.phone.number();\nconst psw = _faker.faker.internet.password(2);\nconst pswConfirm = _faker.faker.internet.password(3);\nconst passwordMinimumValueDismatchedAlertMessage = openCartData.passwordMinimumValueDismatchedAlertMessage;\nyourStorePage.proceedToRegisterPage();\nregisterPage.doRegisterDismatchPsw(firstName, lastName, email, phone, psw, pswConfirm);\nregisterPage.validateAlertMessage(passwordMinimumValueDismatchedAlertMessage);",
              "err": {},
              "uuid": "b6bdac16-9f21-4eea-8d5d-30e6dd248d78",
              "parentUUID": "fac8d13b-1965-4728-b70b-1ec982ebcfe7",
              "isHook": false,
              "skipped": false
            },
            {
              "title": "Do Register New Customer Without Agreement Policy Test",
              "fullTitle": "Register Page Features Do Register New Customer Without Agreement Policy Test",
              "timedOut": null,
              "duration": 5735,
              "state": "passed",
              "speed": "medium",
              "pass": true,
              "fail": false,
              "pending": false,
              "context": null,
              "code": "yourStorePage = new _YourStorePage.default();\nregisterPage = new _RegisterPage.default();\nconst firstName = _faker.faker.name.firstName();\nconst lastName = _faker.faker.name.lastName();\nconst email = _faker.faker.internet.email();\nconst phone = _faker.faker.phone.number();\nconst psw = _faker.faker.internet.password();\nconst agreementPolicyMessage = openCartData.agreementPolicy;\nyourStorePage.proceedToRegisterPage();\nregisterPage.doRegisterWithoutAgreementPolicy(firstName, lastName, email, phone, psw);\nregisterPage.validateWarningMessage(agreementPolicyMessage);",
              "err": {},
              "uuid": "b0fba9cb-cceb-4d3b-9c03-86a8f8dba771",
              "parentUUID": "fac8d13b-1965-4728-b70b-1ec982ebcfe7",
              "isHook": false,
              "skipped": false
            },
            {
              "title": "Forgot Password Validate Page Test",
              "fullTitle": "Register Page Features Forgot Password Validate Page Test",
              "timedOut": null,
              "duration": 1445,
              "state": "passed",
              "speed": "fast",
              "pass": true,
              "fail": false,
              "pending": false,
              "context": null,
              "code": "yourStorePage = new _YourStorePage.default();\nregisterPage = new _RegisterPage.default();\nconst forgotPasswordLink = openCartData.forgotPasswordLink;\nyourStorePage.proceedToRegisterPage();\nregisterPage.clickOnTheForgottenPsw();\nregisterPage.validatePageLinkText(forgotPasswordLink);",
              "err": {},
              "uuid": "af99beed-5c8f-41b5-88f3-a28022e2e466",
              "parentUUID": "fac8d13b-1965-4728-b70b-1ec982ebcfe7",
              "isHook": false,
              "skipped": false
            },
            {
              "title": "Send Email Forgot Password Existing Customer Test",
              "fullTitle": "Register Page Features Send Email Forgot Password Existing Customer Test",
              "timedOut": null,
              "duration": 3555,
              "state": "passed",
              "speed": "fast",
              "pass": true,
              "fail": false,
              "pending": false,
              "context": null,
              "code": "yourStorePage = new _YourStorePage.default();\nregisterPage = new _RegisterPage.default();\nconst emailForSend = openCartData.email;\nconst emailConfirmationLink = openCartData.emailConfirmationLink;\nyourStorePage.proceedToRegisterPage();\nregisterPage.clickOnTheForgottenPsw();\nregisterPage.sendEmailForPassword(emailForSend);\nregisterPage.validateSuccessAlertMessage(emailConfirmationLink);",
              "err": {},
              "uuid": "1f3d164c-341c-48f4-b8b8-e78939500774",
              "parentUUID": "fac8d13b-1965-4728-b70b-1ec982ebcfe7",
              "isHook": false,
              "skipped": false
            },
            {
              "title": "Send Email Forgot Password New Customer Test",
              "fullTitle": "Register Page Features Send Email Forgot Password New Customer Test",
              "timedOut": null,
              "duration": 2983,
              "state": "passed",
              "speed": "fast",
              "pass": true,
              "fail": false,
              "pending": false,
              "context": null,
              "code": "yourStorePage = new _YourStorePage.default();\nregisterPage = new _RegisterPage.default();\nconst emailForSend = _faker.faker.internet.email();\nconst emailAddressWasNotFound = openCartData.emailAddressWasNotFound;\nyourStorePage.proceedToRegisterPage();\nregisterPage.clickOnTheForgottenPsw();\nregisterPage.sendEmailForPassword(emailForSend);\nregisterPage.validateWarningMessage(emailAddressWasNotFound);",
              "err": {},
              "uuid": "e2b802a0-f818-4b30-9135-e4063919e060",
              "parentUUID": "fac8d13b-1965-4728-b70b-1ec982ebcfe7",
              "isHook": false,
              "skipped": false
            }
          ],
          "suites": [],
          "passes": [
            "bc37a9c2-eaed-4ef4-90a6-5eecc38a2234",
            "39d479eb-5c1f-47a8-83c0-23fe564564e1",
            "c5c425b9-c308-44db-9c88-c9eda49829f5",
            "607768f0-f8f7-4d7d-9425-28d4a170f9e0",
            "41d951d4-0d81-42a6-bc3d-0a9f573a784f",
            "572392a8-f4cb-4684-840f-1987bceca50b",
            "5ba6875e-ca33-4824-a728-18e4e44270ed",
            "319022fa-def4-4445-8232-1f29092e48d3",
            "b6bdac16-9f21-4eea-8d5d-30e6dd248d78",
            "b0fba9cb-cceb-4d3b-9c03-86a8f8dba771",
            "af99beed-5c8f-41b5-88f3-a28022e2e466",
            "1f3d164c-341c-48f4-b8b8-e78939500774",
            "e2b802a0-f818-4b30-9135-e4063919e060"
          ],
          "failures": [],
          "pending": [],
          "skipped": [],
          "duration": 66912,
          "root": false,
          "rootEmpty": false,
          "_timeout": 2000
        }
      ],
      "passes": [],
      "failures": [],
      "pending": [],
      "skipped": [],
      "duration": 0,
      "root": true,
      "rootEmpty": true,
      "_timeout": 2000
    }
  ],
  "meta": {
    "mocha": {
      "version": "7.0.1"
    },
    "mochawesome": {
      "options": {
        "quiet": false,
        "reportFilename": "mochawesome",
        "saveHtml": false,
        "saveJson": true,
        "consoleReporter": "spec",
        "useInlineDiffs": false,
        "code": true
      },
      "version": "7.1.3"
    },
    "marge": {
      "options": {
        "id": "default",
        "reportDir": "cypress/results/mochawesome",
        "quite": true,
        "overwrite": false,
        "html": false,
        "json": true
      },
      "version": "6.2.0"
    }
  }
}